<test-run id="2" testcasecount="2" result="Passed" start-time="2026-03-23 16:35:38.992867" end-time="2026-03-23 16:35:41.041387" duration="2" total="2" passed="2" failed="0" inconclusive="0" skipped="0" asserts="0" clr-version="3.12.10 (tags/v3.12.10:0cc8128, Apr  8 2025, 12:21:36) [MSC v.1943 64 bit (AMD64)]" engine-version="3.6.2"><command-line>C:\Users\jerio\AppData\Local\Programs\Python\Python312\Scripts\pytest tests/test_prediction_path_converted_unit.py -q</command-line><filter><test re="0">tests/test_prediction_path_converted_unit.py</test></filter><test-suite id="tests/test_prediction_path_converted_unit.py" name="tests/test_prediction_path_converted_unit.py" fullname="tests/test_prediction_path_converted_unit.py" methodname="" classname="" runstate="Runnable" type="Assembly" testcasecount="2" result="Passed" label="" start-time="2026-03-23 16:35:41.035050" end-time="2026-03-23 16:35:41.041387" duration="0.006337" asserts="0" total="2" passed="2" failed="0" warnings="0" inconclusive="0" skipped="0"><properties><property name="python_version" value="3.12.10 (tags/v3.12.10:0cc8128, Apr  8 2025, 12:21:36) [MSC v.1943 64 bit (AMD64)]" /></properties><test-case id="100" name="tests/test_prediction_path_converted_unit.py::test_converted_prediction_path_llm_rule_model_predicts_stable_material" fullname="tests/test_prediction_path_converted_unit.py::test_converted_prediction_path_llm_rule_model_predicts_stable_material" methodname="test_converted_prediction_path_llm_rule_model_predicts_stable_material" classname="tests/test_prediction_path_converted_unit.py" runstate="Runnable" seed="1" result="Passed" label="" start-time="2026-03-23 16:35:41.035050" end-time="2026-03-23 16:35:41.035050" duration="0.0" asserts="0"><properties><property name="python-version" value="3.12.10 (tags/v3.12.10:0cc8128, Apr  8 2025, 12:21:36) [MSC v.1943 64 bit (AMD64)]" /><property name="fspath" value="tests/test_prediction_path_converted_unit.py" /></properties><environment framework-version="3.6.2" clr-version="3.12.10 (tags/v3.12.10:0cc8128, Apr  8 2025, 12:21:36) [MSC v.1943 64 bit (AMD64)]" os-version="11" platform="Windows" cwd="C:\Users\jerio\OneDrive\Desktop\MaterialComparison" machine-name="AMD64" user="" user-domain="" culture="en_US" uiculture="en_US" os-architecture="64bit" /><failure><message><![CDATA[]]></message><stack-trace><![CDATA[None]]></stack-trace></failure><reason><message><![CDATA[]]></message></reason><output><![CDATA[]]></output></test-case><test-case id="101" name="tests/test_prediction_path_converted_unit.py::test_converted_prediction_path_llm_rule_model_penalizes_unstable_material" fullname="tests/test_prediction_path_converted_unit.py::test_converted_prediction_path_llm_rule_model_penalizes_unstable_material" methodname="test_converted_prediction_path_llm_rule_model_penalizes_unstable_material" classname="tests/test_prediction_path_converted_unit.py" runstate="Runnable" seed="1" result="Passed" label="" start-time="2026-03-23 16:35:41.041387" end-time="2026-03-23 16:35:41.041387" duration="0.0" asserts="0"><properties><property name="python-version" value="3.12.10 (tags/v3.12.10:0cc8128, Apr  8 2025, 12:21:36) [MSC v.1943 64 bit (AMD64)]" /><property name="fspath" value="tests/test_prediction_path_converted_unit.py" /></properties><environment framework-version="3.6.2" clr-version="3.12.10 (tags/v3.12.10:0cc8128, Apr  8 2025, 12:21:36) [MSC v.1943 64 bit (AMD64)]" os-version="11" platform="Windows" cwd="C:\Users\jerio\OneDrive\Desktop\MaterialComparison" machine-name="AMD64" user="" user-domain="" culture="en_US" uiculture="en_US" os-architecture="64bit" /><failure><message><![CDATA[]]></message><stack-trace><![CDATA[None]]></stack-trace></failure><reason><message><![CDATA[]]></message></reason><output><![CDATA[]]></output></test-case><environment framework-version="3.6.2" clr-version="3.12.10 (tags/v3.12.10:0cc8128, Apr  8 2025, 12:21:36) [MSC v.1943 64 bit (AMD64)]" os-version="11" platform="Windows" cwd="C:\Users\jerio\OneDrive\Desktop\MaterialComparison" machine-name="AMD64" user="" user-domain="" culture="en_US" uiculture="en_US" os-architecture="64bit" /></test-suite></test-run>